Start testing: Sep 17 21:27 EDT
----------------------------------------------------------
1/2 Testing: repl_push_print_size
1/2 Test: repl_push_print_size
Command: "/bin/bash" "/Users/jguida941/doubly_linked_list_demo/tests/test_generic_repl.sh" "/Users/jguida941/doubly_linked_list_demo/build/generic_demo"
Directory: /Users/jguida941/doubly_linked_list_demo/build
"repl_push_print_size" start time: Sep 17 21:27 EDT
Output:
----------------------------------------------------------
[case] push+print+size
[case] insert index forms
[case] insert shorthand
[case] detach/remove
[case] clear
[case] bad usage insert_after
[case] bad usage push_front/back
[case] find command
All REPL tests passed.
<end of output>
Test time =   0.05 sec
----------------------------------------------------------
Test Passed.
"repl_push_print_size" end time: Sep 17 21:27 EDT
"repl_push_print_size" time elapsed: 00:00:00
----------------------------------------------------------

2/2 Testing: dll_demo_output
2/2 Test: dll_demo_output
Command: "/bin/bash" "/Users/jguida941/doubly_linked_list_demo/tests/test_dll_demo.sh" "/Users/jguida941/doubly_linked_list_demo/build/doubly_linked_list_demo"
Directory: /Users/jguida941/doubly_linked_list_demo/build
"dll_demo_output" start time: Sep 17 21:27 EDT
Output:
----------------------------------------------------------
dll_demo output OK
<end of output>
Test time =   0.01 sec
----------------------------------------------------------
Test Passed.
"dll_demo_output" end time: Sep 17 21:27 EDT
"dll_demo_output" time elapsed: 00:00:00
----------------------------------------------------------

End testing: Sep 17 21:27 EDT
